<?xml version="1.0" encoding="UTF-8"?>
<coverage generated="1715478867015" clover="3.2.0">
  <project timestamp="1715478867015" name="All files">
    <metrics statements="7" coveredstatements="7" conditionals="6" coveredconditionals="6" methods="1" coveredmethods="1" elements="14" coveredelements="14" complexity="0" loc="7" ncloc="7" packages="1" files="1" classes="1"/>
    <file name="dummyScript.js" path="/Users/mishka/calendar/dummyScript.js">
      <metrics statements="7" coveredstatements="7" conditionals="6" coveredconditionals="6" methods="1" coveredmethods="1"/>
      <line num="1" count="1" type="cond" truecount="2" falsecount="0"/>
      <line num="2" count="13" type="stmt"/>
      <line num="3" count="13" type="cond" truecount="1" falsecount="0"/>
      <line num="4" count="12" type="cond" truecount="1" falsecount="0"/>
      <line num="5" count="12" type="cond" truecount="1" falsecount="0"/>
      <line num="6" count="9" type="cond" truecount="1" falsecount="0"/>
      <line num="7" count="13" type="stmt"/>
    </file>
  </project>
</coverage>
