{"/Users/mishka/calendar/dummyScript.js": {"path":"/Users/mishka/calendar/dummyScript.js","all":false,"statementMap":{"0":{"start":{"line":1,"column":0},"end":{"line":1,"column":35}},"1":{"start":{"line":2,"column":0},"end":{"line":2,"column":19}},"2":{"start":{"line":3,"column":0},"end":{"line":3,"column":17}},"3":{"start":{"line":4,"column":0},"end":{"line":4,"column":23}},"4":{"start":{"line":5,"column":0},"end":{"line":5,"column":17}},"5":{"start":{"line":6,"column":0},"end":{"line":6,"column":40}},"6":{"start":{"line":7,"column":0},"end":{"line":7,"column":1}}},"s":{"0":1,"1":13,"2":13,"3":12,"4":12,"5":9,"6":13},"branchMap":{"0":{"type":"branch","line":1,"loc":{"start":{"line":1,"column":0},"end":{"line":7,"column":1}},"locations":[{"start":{"line":1,"column":0},"end":{"line":7,"column":1}}]},"1":{"type":"branch","line":1,"loc":{"start":{"line":1,"column":7},"end":{"line":7,"column":1}},"locations":[{"start":{"line":1,"column":7},"end":{"line":7,"column":1}}]},"2":{"type":"branch","line":3,"loc":{"start":{"line":3,"column":8},"end":{"line":3,"column":17}},"locations":[{"start":{"line":3,"column":8},"end":{"line":3,"column":17}}]},"3":{"type":"branch","line":4,"loc":{"start":{"line":4,"column":-1},"end":{"line":5,"column":17}},"locations":[{"start":{"line":4,"column":-1},"end":{"line":5,"column":17}}]},"4":{"type":"branch","line":5,"loc":{"start":{"line":5,"column":8},"end":{"line":5,"column":17}},"locations":[{"start":{"line":5,"column":8},"end":{"line":5,"column":17}}]},"5":{"type":"branch","line":6,"loc":{"start":{"line":6,"column":-1},"end":{"line":7,"column":0}},"locations":[{"start":{"line":6,"column":-1},"end":{"line":7,"column":0}}]}},"b":{"0":[1],"1":[13],"2":[1],"3":[12],"4":[3],"5":[9]},"fnMap":{"0":{"name":"factorial","decl":{"start":{"line":1,"column":7},"end":{"line":7,"column":1}},"loc":{"start":{"line":1,"column":7},"end":{"line":7,"column":1}},"line":1}},"f":{"0":13}}
}
